[panther.wiki/firekirin168/index.html]
[backblue.gif]
[fade.gif]
[index.html]
[browser.sentry-cdn.com/6.4.1/bundle.min.js]
[www.google-analytics.com/analytics.js]
[d13pxqgp3ixdbh.cloudfront.net/uploads/1637981555f3a070d1eafa5af6cb0e04a7031eddb4.png]
[d13pxqgp3ixdbh.cloudfront.net/uploads/1637811874e1840d0490447927112fd277496555f3.png]
[d13pxqgp3ixdbh.cloudfront.net/uploads/1636008846af4b09385840c6878ea1177b8d44d02b.png]
[d13pxqgp3ixdbh.cloudfront.net/uploads/1637981512e3497ece95fb3d4e5d2b35b888051740.png]
[d13pxqgp3ixdbh.cloudfront.net/uploads/16360091367caaa99ef178576d4c6fb5265af267a9.png]
[d13pxqgp3ixdbh.cloudfront.net/uploads/16403146337e3f91c00e96d50d6236ebb35e345bbe.png]
[d13pxqgp3ixdbh.cloudfront.net/uploads/16360091672797e6e5257884106317b0182139b4ef.png]
[panther.wiki/firekirin168/style.css]
[d13pxqgp3ixdbh.cloudfront.net/uploads/16403301119d04ee9d2ae57773efc043f7641e41a4.png]
[panther.wiki/firekirin168/main.js]
[ajax.googleapis.com/ajax/libs/jquery/2.2.4/jquery.min.js]
[d12u7tum9sda5e.cloudfront.net/b446d53.js]
[d13pxqgp3ixdbh.cloudfront.net/uploads/1636008894fc454d21acd9000491b1b1888ae2e88f.png]
[d13pxqgp3ixdbh.cloudfront.net/uploads/163660198852c0cb35e130e747d3c41880004e13b4.png]
[d13pxqgp3ixdbh.cloudfront.net/uploads/16366020883a5648fb24303dfe308f15f0e9fc768a.png]
[d13pxqgp3ixdbh.cloudfront.net/uploads/16366021539eb26d40267565ce609b1eb1e80c95e0.png]
[panther.wiki/firekirin168/customTemplateGlobal.set]
[panther.wiki/firekirin168/index.html]
[panther.wiki/firekirin168/style.html]
[panther.wiki/firekirin168/main.html]
[panther.wiki/firekirin168/customTemplateGlobal.html]
